TN:
SF:server.js
FN:34,(anonymous_0)
FN:65,(anonymous_1)
FN:76,(anonymous_2)
FN:81,(anonymous_3)
FN:95,(anonymous_4)
FN:98,(anonymous_5)
FN:104,(anonymous_6)
FN:107,(anonymous_7)
FN:115,(anonymous_8)
FNF:9
FNH:0
FNDA:0,(anonymous_0)
FNDA:0,(anonymous_1)
FNDA:0,(anonymous_2)
FNDA:0,(anonymous_3)
FNDA:0,(anonymous_4)
FNDA:0,(anonymous_5)
FNDA:0,(anonymous_6)
FNDA:0,(anonymous_7)
FNDA:0,(anonymous_8)
DA:1,0
DA:2,0
DA:3,0
DA:4,0
DA:6,0
DA:7,0
DA:10,0
DA:11,0
DA:14,0
DA:21,0
DA:30,0
DA:31,0
DA:34,0
DA:36,0
DA:39,0
DA:42,0
DA:45,0
DA:48,0
DA:50,0
DA:55,0
DA:60,0
DA:64,0
DA:65,0
DA:66,0
DA:67,0
DA:72,0
DA:73,0
DA:76,0
DA:77,0
DA:81,0
DA:82,0
DA:83,0
DA:92,0
DA:95,0
DA:96,0
DA:97,0
DA:98,0
DA:99,0
DA:100,0
DA:104,0
DA:105,0
DA:106,0
DA:107,0
DA:108,0
DA:109,0
DA:113,0
DA:115,0
DA:116,0
DA:119,0
LF:49
LH:0
BRDA:10,0,0,0
BRDA:10,0,1,0
BRDA:11,1,0,0
BRDA:11,1,1,0
BRDA:15,2,0,0
BRDA:15,2,1,0
BRDA:23,3,0,0
BRDA:23,3,1,0
BRDA:48,4,0,0
BRDA:48,4,1,0
BRDA:64,5,0,0
BRDA:64,5,1,0
BRDA:113,6,0,0
BRDA:113,6,1,0
BRF:14
BRH:0
end_of_record
TN:
SF:models\Room.js
FN:2,(anonymous_0)
FN:40,(anonymous_1)
FN:69,(anonymous_2)
FN:98,(anonymous_3)
FN:107,(anonymous_4)
FN:109,(anonymous_5)
FN:116,(anonymous_6)
FN:117,(anonymous_7)
FN:132,(anonymous_8)
FN:147,(anonymous_9)
FN:166,(anonymous_10)
FN:184,(anonymous_11)
FN:193,(anonymous_12)
FN:202,(anonymous_13)
FN:210,(anonymous_14)
FN:230,(anonymous_15)
FN:245,(anonymous_16)
FN:261,(anonymous_17)
FN:266,(anonymous_18)
FNF:19
FNH:15
FNDA:16,(anonymous_0)
FNDA:10,(anonymous_1)
FNDA:2,(anonymous_2)
FNDA:1,(anonymous_3)
FNDA:10,(anonymous_4)
FNDA:10,(anonymous_5)
FNDA:7,(anonymous_6)
FNDA:14,(anonymous_7)
FNDA:1,(anonymous_8)
FNDA:1,(anonymous_9)
FNDA:7,(anonymous_10)
FNDA:4,(anonymous_11)
FNDA:0,(anonymous_12)
FNDA:14,(anonymous_13)
FNDA:20,(anonymous_14)
FNDA:2,(anonymous_15)
FNDA:0,(anonymous_16)
FNDA:0,(anonymous_17)
FNDA:0,(anonymous_18)
DA:3,16
DA:4,16
DA:5,16
DA:6,16
DA:7,16
DA:8,16
DA:11,16
DA:20,16
DA:21,16
DA:24,16
DA:41,10
DA:42,0
DA:45,10
DA:46,2
DA:49,8
DA:58,8
DA:59,8
DA:61,8
DA:70,2
DA:71,2
DA:72,0
DA:75,2
DA:76,2
DA:79,2
DA:80,1
DA:81,1
DA:82,1
DA:85,2
DA:99,1
DA:108,10
DA:109,10
DA:117,14
DA:133,1
DA:134,1
DA:135,1
DA:136,1
DA:137,1
DA:139,0
DA:148,1
DA:149,1
DA:150,0
DA:154,1
DA:158,1
DA:159,1
DA:167,7
DA:168,7
DA:171,0
DA:185,4
DA:194,0
DA:195,0
DA:196,0
DA:203,14
DA:211,20
DA:231,2
DA:232,2
DA:233,2
DA:234,2
DA:235,2
DA:236,2
DA:238,0
DA:246,0
DA:247,0
DA:248,0
DA:249,0
DA:250,0
DA:251,0
DA:253,0
DA:262,0
DA:263,0
DA:265,0
DA:266,0
DA:270,1
LF:72
LH:52
BRDA:41,0,0,0
BRDA:41,0,1,10
BRDA:45,1,0,2
BRDA:45,1,1,8
BRDA:71,2,0,0
BRDA:71,2,1,2
BRDA:79,3,0,1
BRDA:79,3,1,1
BRDA:134,4,0,1
BRDA:134,4,1,0
BRDA:149,5,0,0
BRDA:149,5,1,1
BRDA:149,6,0,1
BRDA:149,6,1,1
BRDA:167,7,0,7
BRDA:167,7,1,0
BRDA:193,8,0,0
BRDA:218,9,0,0
BRDA:218,9,1,20
BRDA:232,10,0,2
BRDA:232,10,1,0
BRDA:247,11,0,0
BRDA:247,11,1,0
BRDA:261,12,0,0
BRDA:266,13,0,0
BRDA:266,13,1,0
BRDA:266,13,2,0
BRF:27
BRH:13
end_of_record
TN:
SF:models\User.js
FN:2,(anonymous_0)
FN:24,(anonymous_1)
FN:33,(anonymous_2)
FN:43,(anonymous_3)
FN:51,(anonymous_4)
FN:60,(anonymous_5)
FN:79,(anonymous_6)
FN:92,(anonymous_7)
FN:100,(anonymous_8)
FN:115,(anonymous_9)
FN:135,(anonymous_10)
FN:166,(anonymous_11)
FN:180,(anonymous_12)
FNF:13
FNH:10
FNDA:21,(anonymous_0)
FNDA:20,(anonymous_1)
FNDA:3,(anonymous_2)
FNDA:1,(anonymous_3)
FNDA:2,(anonymous_4)
FNDA:0,(anonymous_5)
FNDA:0,(anonymous_6)
FNDA:24,(anonymous_7)
FNDA:25,(anonymous_8)
FNDA:0,(anonymous_9)
FNDA:50,(anonymous_10)
FNDA:91,(anonymous_11)
FNDA:21,(anonymous_12)
DA:3,21
DA:4,21
DA:5,21
DA:6,21
DA:7,21
DA:8,21
DA:9,21
DA:10,21
DA:13,21
DA:25,20
DA:26,20
DA:27,20
DA:34,3
DA:35,3
DA:36,3
DA:44,1
DA:45,1
DA:52,2
DA:53,2
DA:61,0
DA:62,0
DA:63,0
DA:66,0
DA:71,0
DA:80,0
DA:81,0
DA:84,0
DA:85,0
DA:86,0
DA:93,24
DA:101,25
DA:116,0
DA:136,50
DA:137,2
DA:140,48
DA:142,48
DA:143,0
DA:146,48
DA:147,1
DA:150,47
DA:151,1
DA:155,46
DA:156,46
DA:157,0
DA:161,46
DA:166,91
DA:167,1
DA:170,45
DA:181,21
DA:182,21
DA:183,0
DA:186,21
DA:187,21
DA:191,1
LF:54
LH:40
BRDA:2,0,0,0
BRDA:24,1,0,0
BRDA:79,2,0,0
BRDA:80,3,0,0
BRDA:80,3,1,0
BRDA:80,4,0,0
BRDA:80,4,1,0
BRDA:136,5,0,2
BRDA:136,5,1,48
BRDA:136,6,0,50
BRDA:136,6,1,48
BRDA:142,7,0,0
BRDA:142,7,1,48
BRDA:146,8,0,1
BRDA:146,8,1,47
BRDA:150,9,0,1
BRDA:150,9,1,46
BRDA:156,10,0,0
BRDA:156,10,1,46
BRDA:166,11,0,1
BRDA:166,11,1,45
BRDA:180,12,0,1
BRDA:182,13,0,0
BRDA:182,13,1,21
BRF:24
BRH:14
end_of_record
TN:
SF:socket\roomManager.js
FN:5,(anonymous_0)
FN:18,(anonymous_1)
FN:45,(anonymous_2)
FN:96,(anonymous_3)
FN:160,(anonymous_4)
FN:211,(anonymous_5)
FN:262,(anonymous_6)
FN:271,(anonymous_7)
FN:281,(anonymous_8)
FN:308,(anonymous_9)
FN:334,(anonymous_10)
FN:351,(anonymous_11)
FN:353,(anonymous_12)
FN:362,(anonymous_13)
FN:372,(anonymous_14)
FN:381,(anonymous_15)
FN:394,(anonymous_16)
FN:403,(anonymous_17)
FN:418,(anonymous_18)
FN:419,(anonymous_19)
FN:420,(anonymous_20)
FN:427,(anonymous_21)
FNF:22
FNH:16
FNDA:16,(anonymous_0)
FNDA:15,(anonymous_1)
FNDA:15,(anonymous_2)
FNDA:9,(anonymous_3)
FNDA:2,(anonymous_4)
FNDA:2,(anonymous_5)
FNDA:3,(anonymous_6)
FNDA:0,(anonymous_7)
FNDA:2,(anonymous_8)
FNDA:2,(anonymous_9)
FNDA:1,(anonymous_10)
FNDA:16,(anonymous_11)
FNDA:0,(anonymous_12)
FNDA:16,(anonymous_13)
FNDA:0,(anonymous_14)
FNDA:0,(anonymous_15)
FNDA:0,(anonymous_16)
FNDA:0,(anonymous_17)
FNDA:1,(anonymous_18)
FNDA:2,(anonymous_19)
FNDA:3,(anonymous_20)
FNDA:2,(anonymous_21)
DA:1,1
DA:2,1
DA:6,16
DA:7,16
DA:8,16
DA:11,16
DA:19,15
DA:21,15
DA:22,15
DA:24,15
DA:25,15
DA:26,15
DA:27,90
DA:29,15
DA:32,15
DA:33,0
DA:36,15
DA:46,15
DA:48,15
DA:49,15
DA:50,1
DA:54,14
DA:55,14
DA:56,1
DA:60,13
DA:63,13
DA:64,13
DA:67,13
DA:68,13
DA:69,0
DA:72,13
DA:73,13
DA:75,13
DA:77,13
DA:84,0
DA:85,0
DA:97,9
DA:99,9
DA:100,0
DA:103,9
DA:104,9
DA:105,0
DA:109,9
DA:110,9
DA:111,1
DA:114,8
DA:115,0
DA:119,8
DA:120,8
DA:121,0
DA:125,8
DA:126,8
DA:127,1
DA:131,7
DA:132,7
DA:133,0
DA:136,7
DA:137,7
DA:139,7
DA:141,7
DA:150,0
DA:151,0
DA:161,2
DA:162,2
DA:163,2
DA:164,0
DA:167,2
DA:168,2
DA:170,0
DA:171,0
DA:175,2
DA:176,2
DA:179,2
DA:182,2
DA:183,2
DA:185,2
DA:188,2
DA:189,1
DA:190,1
DA:193,2
DA:201,0
DA:202,0
DA:212,2
DA:213,2
DA:214,2
DA:215,0
DA:218,2
DA:219,0
DA:220,0
DA:223,2
DA:224,2
DA:225,0
DA:226,0
DA:230,2
DA:231,2
DA:233,2
DA:237,2
DA:238,1
DA:239,1
DA:240,1
DA:241,1
DA:244,2
DA:252,0
DA:253,0
DA:263,3
DA:272,0
DA:282,2
DA:283,2
DA:284,1
DA:287,1
DA:288,1
DA:289,0
DA:292,1
DA:293,1
DA:295,1
DA:309,2
DA:310,2
DA:311,0
DA:314,2
DA:315,1
DA:318,1
DA:319,1
DA:320,0
DA:323,1
DA:324,1
DA:335,1
DA:336,1
DA:338,1
DA:339,1
DA:340,1
DA:341,1
DA:344,1
DA:353,16
DA:354,0
DA:355,0
DA:363,16
DA:364,16
DA:365,16
DA:373,0
DA:375,0
DA:376,0
DA:377,0
DA:381,0
DA:382,0
DA:383,0
DA:386,0
DA:387,0
DA:395,0
DA:397,0
DA:398,0
DA:399,0
DA:403,0
DA:404,0
DA:405,0
DA:406,0
DA:409,0
DA:410,0
DA:419,2
DA:420,3
DA:422,1
DA:427,2
DA:432,1
LF:162
LH:114
BRDA:30,0,0,15
BRDA:30,0,1,0
BRDA:32,1,0,0
BRDA:32,1,1,15
BRDA:49,2,0,1
BRDA:49,2,1,14
BRDA:55,3,0,1
BRDA:55,3,1,13
BRDA:55,4,0,14
BRDA:55,4,1,1
BRDA:68,5,0,0
BRDA:68,5,1,13
BRDA:99,6,0,0
BRDA:99,6,1,9
BRDA:99,7,0,9
BRDA:99,7,1,9
BRDA:104,8,0,0
BRDA:104,8,1,9
BRDA:110,9,0,1
BRDA:110,9,1,8
BRDA:114,10,0,0
BRDA:114,10,1,8
BRDA:120,11,0,0
BRDA:120,11,1,8
BRDA:120,12,0,8
BRDA:120,12,1,0
BRDA:126,13,0,1
BRDA:126,13,1,7
BRDA:132,14,0,0
BRDA:132,14,1,7
BRDA:163,15,0,0
BRDA:163,15,1,2
BRDA:163,16,0,2
BRDA:163,16,1,2
BRDA:168,17,0,0
BRDA:168,17,1,2
BRDA:188,18,0,1
BRDA:188,18,1,1
BRDA:188,19,0,2
BRDA:188,19,1,2
BRDA:190,20,0,1
BRDA:190,20,1,0
BRDA:197,21,0,2
BRDA:197,21,1,2
BRDA:214,22,0,0
BRDA:214,22,1,2
BRDA:218,23,0,0
BRDA:218,23,1,2
BRDA:224,24,0,0
BRDA:224,24,1,2
BRDA:237,25,0,1
BRDA:237,25,1,1
BRDA:283,26,0,1
BRDA:283,26,1,1
BRDA:283,27,0,2
BRDA:283,27,1,1
BRDA:288,28,0,0
BRDA:288,28,1,1
BRDA:310,29,0,0
BRDA:310,29,1,2
BRDA:310,30,0,2
BRDA:310,30,1,2
BRDA:314,31,0,1
BRDA:314,31,1,1
BRDA:319,32,0,0
BRDA:319,32,1,1
BRDA:336,33,0,1
BRDA:336,33,1,0
BRDA:339,34,0,1
BRDA:339,34,1,0
BRDA:363,35,0,16
BRDA:363,35,1,0
BRDA:376,36,0,0
BRDA:376,36,1,0
BRDA:376,37,0,0
BRDA:376,37,1,0
BRDA:386,38,0,0
BRDA:386,38,1,0
BRDA:398,39,0,0
BRDA:398,39,1,0
BRDA:409,40,0,0
BRDA:409,40,1,0
BRF:82
BRH:51
end_of_record
TN:
SF:socket\socketHandlers.js
FN:4,(anonymous_0)
FN:24,(anonymous_1)
FN:28,(anonymous_2)
FN:29,(anonymous_3)
FN:30,(anonymous_4)
FN:31,(anonymous_5)
FN:32,(anonymous_6)
FN:33,(anonymous_7)
FN:34,(anonymous_8)
FN:35,(anonymous_9)
FN:53,(anonymous_10)
FN:89,(anonymous_11)
FN:134,(anonymous_12)
FN:181,(anonymous_13)
FN:223,(anonymous_14)
FN:310,(anonymous_15)
FN:360,(anonymous_16)
FN:373,(anonymous_17)
FN:408,(anonymous_18)
FN:415,(anonymous_19)
FNF:20
FNH:0
FNDA:0,(anonymous_0)
FNDA:0,(anonymous_1)
FNDA:0,(anonymous_2)
FNDA:0,(anonymous_3)
FNDA:0,(anonymous_4)
FNDA:0,(anonymous_5)
FNDA:0,(anonymous_6)
FNDA:0,(anonymous_7)
FNDA:0,(anonymous_8)
FNDA:0,(anonymous_9)
FNDA:0,(anonymous_10)
FNDA:0,(anonymous_11)
FNDA:0,(anonymous_12)
FNDA:0,(anonymous_13)
FNDA:0,(anonymous_14)
FNDA:0,(anonymous_15)
FNDA:0,(anonymous_16)
FNDA:0,(anonymous_17)
FNDA:0,(anonymous_18)
FNDA:0,(anonymous_19)
DA:1,0
DA:5,0
DA:6,0
DA:9,0
DA:10,0
DA:11,0
DA:12,0
DA:13,0
DA:14,0
DA:15,0
DA:16,0
DA:17,0
DA:25,0
DA:28,0
DA:29,0
DA:30,0
DA:31,0
DA:32,0
DA:33,0
DA:34,0
DA:35,0
DA:38,0
DA:54,0
DA:55,0
DA:57,0
DA:58,0
DA:59,0
DA:62,0
DA:64,0
DA:66,0
DA:68,0
DA:74,0
DA:76,0
DA:79,0
DA:80,0
DA:90,0
DA:91,0
DA:93,0
DA:94,0
DA:95,0
DA:98,0
DA:100,0
DA:102,0
DA:105,0
DA:114,0
DA:120,0
DA:122,0
DA:125,0
DA:126,0
DA:135,0
DA:136,0
DA:138,0
DA:140,0
DA:143,0
DA:149,0
DA:150,0
DA:151,0
DA:152,0
DA:160,0
DA:166,0
DA:168,0
DA:171,0
DA:172,0
DA:182,0
DA:183,0
DA:185,0
DA:186,0
DA:187,0
DA:190,0
DA:192,0
DA:194,0
DA:200,0
DA:201,0
DA:202,0
DA:208,0
DA:210,0
DA:213,0
DA:214,0
DA:224,0
DA:225,0
DA:227,0
DA:228,0
DA:229,0
DA:232,0
DA:233,0
DA:234,0
DA:235,0
DA:238,0
DA:240,0
DA:242,0
DA:248,0
DA:251,0
DA:255,0
DA:258,0
DA:262,0
DA:265,0
DA:269,0
DA:272,0
DA:278,0
DA:281,0
DA:282,0
DA:285,0
DA:287,0
DA:289,0
DA:295,0
DA:297,0
DA:300,0
DA:301,0
DA:311,0
DA:312,0
DA:314,0
DA:315,0
DA:316,0
DA:319,0
DA:320,0
DA:321,0
DA:322,0
DA:326,0
DA:327,0
DA:328,0
DA:329,0
DA:332,0
DA:333,0
DA:334,0
DA:337,0
DA:346,0
DA:348,0
DA:350,0
DA:351,0
DA:361,0
DA:362,0
DA:374,0
DA:375,0
DA:377,0
DA:378,0
DA:380,0
DA:382,0
DA:388,0
DA:390,0
DA:398,0
DA:400,0
DA:409,0
DA:416,0
DA:417,0
DA:422,0
LF:145
LH:0
BRDA:57,0,0,0
BRDA:57,0,1,0
BRDA:64,1,0,0
BRDA:64,1,1,0
BRDA:93,2,0,0
BRDA:93,2,1,0
BRDA:93,3,0,0
BRDA:93,3,1,0
BRDA:100,4,0,0
BRDA:100,4,1,0
BRDA:138,5,0,0
BRDA:138,5,1,0
BRDA:149,6,0,0
BRDA:149,6,1,0
BRDA:151,7,0,0
BRDA:151,7,1,0
BRDA:185,8,0,0
BRDA:185,8,1,0
BRDA:192,9,0,0
BRDA:192,9,1,0
BRDA:201,10,0,0
BRDA:201,10,1,0
BRDA:208,11,0,0
BRDA:208,11,1,0
BRDA:227,12,0,0
BRDA:227,12,1,0
BRDA:233,13,0,0
BRDA:233,13,1,0
BRDA:233,14,0,0
BRDA:233,14,1,0
BRDA:240,15,0,0
BRDA:240,15,1,0
BRDA:240,15,2,0
BRDA:240,15,3,0
BRDA:240,15,4,0
BRDA:240,15,5,0
BRDA:244,16,0,0
BRDA:244,16,1,0
BRDA:253,17,0,0
BRDA:253,17,1,0
BRDA:260,18,0,0
BRDA:260,18,1,0
BRDA:266,19,0,0
BRDA:266,19,1,0
BRDA:287,20,0,0
BRDA:287,20,1,0
BRDA:314,21,0,0
BRDA:314,21,1,0
BRDA:314,22,0,0
BRDA:314,22,1,0
BRDA:320,23,0,0
BRDA:320,23,1,0
BRDA:320,24,0,0
BRDA:320,24,1,0
BRDA:327,25,0,0
BRDA:327,25,1,0
BRDA:332,26,0,0
BRDA:332,26,1,0
BRDA:377,27,0,0
BRDA:377,27,1,0
BRDA:377,28,0,0
BRDA:377,28,1,0
BRDA:380,29,0,0
BRDA:380,29,1,0
BRDA:380,30,0,0
BRDA:380,30,1,0
BRDA:388,31,0,0
BRDA:388,31,1,0
BRDA:416,32,0,0
BRDA:416,32,1,0
BRF:70
BRH:0
end_of_record
